# JRE version: OpenJDK Runtime Environment (8.0_242) (build 1.8.0_242-release-1644-b3-6222593)
# Java VM: OpenJDK 64-Bit Server VM (25.242-b3-6222593 mixed mode linux-amd64 compressed oops)
Heap:
 PSYoungGen      total 147456K, used 7660K [0x0000000782180000, 0x000000078cc80000, 0x00000007c0000000)
  eden space 139776K, 0% used [0x0000000782180000,0x0000000782180000,0x000000078aa00000)
  from space 7680K, 99% used [0x000000078aa00000,0x000000078b17b0d8,0x000000078b180000)
  to   space 7680K, 0% used [0x000000078b180000,0x000000078b180000,0x000000078b900000)
 ParOldGen       total 154112K, used 51003K [0x0000000706400000, 0x000000070fa80000, 0x0000000782180000)
  object space 154112K, 33% used [0x0000000706400000,0x00000007095cee48,0x000000070fa80000)
 Metaspace       used 46174K, capacity 46992K, committed 47408K, reserved 1091584K
  class space    used 5711K, capacity 5909K, committed 5936K, reserved 1048576K
GC Heap History (10 events):
Event: 2,391 GC heap after
Heap after GC invocations=2 (full 0):
 PSYoungGen      total 103936K, used 7648K [0x0000000782180000, 0x0000000788e80000, 0x00000007c0000000)
  eden space 96256K, 0% used [0x0000000782180000,0x0000000782180000,0x0000000787f80000)
  from space 7680K, 99% used [0x0000000788700000,0x0000000788e782e0,0x0000000788e80000)
  to   space 7680K, 0% used [0x0000000787f80000,0x0000000787f80000,0x0000000788700000)
 ParOldGen       total 126976K, used 9194K [0x0000000706400000, 0x000000070e000000, 0x0000000782180000)
  object space 126976K, 7% used [0x0000000706400000,0x0000000706cfa860,0x000000070e000000)
 Metaspace       used 20802K, capacity 21240K, committed 21296K, reserved 1069056K
  class space    used 2453K, capacity 2590K, committed 2608K, reserved 1048576K
}
Event: 2,391 GC heap before
{Heap before GC invocations=3 (full 1):
 PSYoungGen      total 103936K, used 7648K [0x0000000782180000, 0x0000000788e80000, 0x00000007c0000000)
  eden space 96256K, 0% used [0x0000000782180000,0x0000000782180000,0x0000000787f80000)
  from space 7680K, 99% used [0x0000000788700000,0x0000000788e782e0,0x0000000788e80000)
  to   space 7680K, 0% used [0x0000000787f80000,0x0000000787f80000,0x0000000788700000)
 ParOldGen       total 126976K, used 9194K [0x0000000706400000, 0x000000070e000000, 0x0000000782180000)
  object space 126976K, 7% used [0x0000000706400000,0x0000000706cfa860,0x000000070e000000)
 Metaspace       used 20802K, capacity 21240K, committed 21296K, reserved 1069056K
  class space    used 2453K, capacity 2590K, committed 2608K, reserved 1048576K
Event: 2,432 GC heap after
Heap after GC invocations=3 (full 1):
 PSYoungGen      total 103936K, used 0K [0x0000000782180000, 0x0000000788e80000, 0x00000007c0000000)
  eden space 96256K, 0% used [0x0000000782180000,0x0000000782180000,0x0000000787f80000)
  from space 7680K, 0% used [0x0000000788700000,0x0000000788700000,0x0000000788e80000)
  to   space 7680K, 0% used [0x0000000787f80000,0x0000000787f80000,0x0000000788700000)
 ParOldGen       total 93184K, used 13004K [0x0000000706400000, 0x000000070bf00000, 0x0000000782180000)
  object space 93184K, 13% used [0x0000000706400000,0x00000007070b30c8,0x000000070bf00000)
 Metaspace       used 20802K, capacity 21240K, committed 21296K, reserved 1069056K
  class space    used 2453K, capacity 2590K, committed 2608K, reserved 1048576K
}
Event: 4,348 GC heap before
{Heap before GC invocations=4 (full 1):
 PSYoungGen      total 103936K, used 96256K [0x0000000782180000, 0x0000000788e80000, 0x00000007c0000000)
  eden space 96256K, 100% used [0x0000000782180000,0x0000000787f80000,0x0000000787f80000)
  from space 7680K, 0% used [0x0000000788700000,0x0000000788700000,0x0000000788e80000)
  to   space 7680K, 0% used [0x0000000787f80000,0x0000000787f80000,0x0000000788700000)
 ParOldGen       total 93184K, used 13004K [0x0000000706400000, 0x000000070bf00000, 0x0000000782180000)
  object space 93184K, 13% used [0x0000000706400000,0x00000007070b30c8,0x000000070bf00000)
 Metaspace       used 33682K, capacity 34289K, committed 34736K, reserved 1079296K
  class space    used 4301K, capacity 4448K, committed 4528K, reserved 1048576K
Event: 4,369 GC heap after
Heap after GC invocations=4 (full 1):
 PSYoungGen      total 103936K, used 7678K [0x0000000782180000, 0x000000078b900000, 0x00000007c0000000)
  eden space 96256K, 0% used [0x0000000782180000,0x0000000782180000,0x0000000787f80000)
  from space 7680K, 99% used [0x0000000787f80000,0x00000007886ffb18,0x0000000788700000)
  to   space 7680K, 0% used [0x000000078b180000,0x000000078b180000,0x000000078b900000)
 ParOldGen       total 93184K, used 26917K [0x0000000706400000, 0x000000070bf00000, 0x0000000782180000)
  object space 93184K, 28% used [0x0000000706400000,0x0000000707e49448,0x000000070bf00000)
 Metaspace       used 33682K, capacity 34289K, committed 34736K, reserved 1079296K
  class space    used 4301K, capacity 4448K, committed 4528K, reserved 1048576K
}
Event: 4,468 GC heap before
{Heap before GC invocations=5 (full 1):
 PSYoungGen      total 103936K, used 11848K [0x0000000782180000, 0x000000078b900000, 0x00000007c0000000)
  eden space 96256K, 4% used [0x0000000782180000,0x0000000782592580,0x0000000787f80000)
  from space 7680K, 99% used [0x0000000787f80000,0x00000007886ffb18,0x0000000788700000)
  to   space 7680K, 0% used [0x000000078b180000,0x000000078b180000,0x000000078b900000)
 ParOldGen       total 93184K, used 26917K [0x0000000706400000, 0x000000070bf00000, 0x0000000782180000)
  object space 93184K, 28% used [0x0000000706400000,0x0000000707e49448,0x000000070bf00000)
 Metaspace       used 34634K, capacity 35199K, committed 35496K, reserved 1081344K
  class space    used 4437K, capacity 4579K, committed 4656K, reserved 1048576K
Event: 4,478 GC heap after
Heap after GC invocations=5 (full 1):
 PSYoungGen      total 147456K, used 7655K [0x0000000782180000, 0x000000078cc80000, 0x00000007c0000000)
  eden space 139776K, 0% used [0x0000000782180000,0x0000000782180000,0x000000078aa00000)
  from space 7680K, 99% used [0x000000078b180000,0x000000078b8f9fd8,0x000000078b900000)
  to   space 7680K, 0% used [0x000000078aa00000,0x000000078aa00000,0x000000078b180000)
 ParOldGen       total 93184K, used 27910K [0x0000000706400000, 0x000000070bf00000, 0x0000000782180000)
  object space 93184K, 29% used [0x0000000706400000,0x0000000707f41938,0x000000070bf00000)
 Metaspace       used 34634K, capacity 35199K, committed 35496K, reserved 1081344K
  class space    used 4437K, capacity 4579K, committed 4656K, reserved 1048576K
}
Event: 4,478 GC heap before
{Heap before GC invocations=6 (full 2):
 PSYoungGen      total 147456K, used 7655K [0x0000000782180000, 0x000000078cc80000, 0x00000007c0000000)
  eden space 139776K, 0% used [0x0000000782180000,0x0000000782180000,0x000000078aa00000)
  from space 7680K, 99% used [0x000000078b180000,0x000000078b8f9fd8,0x000000078b900000)
  to   space 7680K, 0% used [0x000000078aa00000,0x000000078aa00000,0x000000078b180000)
 ParOldGen       total 93184K, used 27910K [0x0000000706400000, 0x000000070bf00000, 0x0000000782180000)
  object space 93184K, 29% used [0x0000000706400000,0x0000000707f41938,0x000000070bf00000)
 Metaspace       used 34634K, capacity 35199K, committed 35496K, reserved 1081344K
  class space    used 4437K, capacity 4579K, committed 4656K, reserved 1048576K
Event: 4,579 GC heap after
Heap after GC invocations=6 (full 2):
 PSYoungGen      total 147456K, used 0K [0x0000000782180000, 0x000000078cc80000, 0x00000007c0000000)
  eden space 139776K, 0% used [0x0000000782180000,0x0000000782180000,0x000000078aa00000)
  from space 7680K, 0% used [0x000000078b180000,0x000000078b180000,0x000000078b900000)
  to   space 7680K, 0% used [0x000000078aa00000,0x000000078aa00000,0x000000078b180000)
 ParOldGen       total 154112K, used 27963K [0x0000000706400000, 0x000000070fa80000, 0x0000000782180000)
  object space 154112K, 18% used [0x0000000706400000,0x0000000707f4ed90,0x000000070fa80000)
 Metaspace       used 34634K, capacity 35199K, committed 35496K, reserved 1081344K
  class space    used 4437K, capacity 4579K, committed 4656K, reserved 1048576K
}
Event: 8,627 GC heap before
{Heap before GC invocations=7 (full 2):
 PSYoungGen      total 147456K, used 139776K [0x0000000782180000, 0x000000078cc80000, 0x00000007c0000000)
  eden space 139776K, 100% used [0x0000000782180000,0x000000078aa00000,0x000000078aa00000)
  from space 7680K, 0% used [0x000000078b180000,0x000000078b180000,0x000000078b900000)
  to   space 7680K, 0% used [0x000000078aa00000,0x000000078aa00000,0x000000078b180000)
 ParOldGen       total 154112K, used 27963K [0x0000000706400000, 0x000000070fa80000, 0x0000000782180000)
  object space 154112K, 18% used [0x0000000706400000,0x0000000707f4ed90,0x000000070fa80000)
 Metaspace       used 46174K, capacity 46992K, committed 47408K, reserved 1091584K
  class space    used 5711K, capacity 5909K, committed 5936K, reserved 1048576K

